RUN	com.gatling.tests.ComputerDatabase	computerdatabase	1655578511781	Test 10	3.6.1
USER	ComputerDatabase	START	1655578512433
USER	ComputerDatabase	START	1655578512433
USER	ComputerDatabase	START	1655578512433
USER	ComputerDatabase	START	1655578512433
USER	ComputerDatabase	START	1655578512433
USER	ComputerDatabase	START	1655578512433
USER	ComputerDatabase	START	1655578512433
USER	ComputerDatabase	START	1655578512433
USER	ComputerDatabase	START	1655578512433
USER	ComputerDatabase	START	1655578512433
REQUEST		ComputersDatabasePage	1655578512466	1655578512938	OK	 
REQUEST		ComputersDatabasePage	1655578512466	1655578512939	OK	 
REQUEST		ComputersDatabasePage	1655578512466	1655578512952	OK	 
REQUEST		ComputersDatabasePage	1655578512466	1655578512954	OK	 
REQUEST		ComputersDatabasePage	1655578512466	1655578512955	OK	 
REQUEST		ComputersDatabasePage	1655578512466	1655578512955	OK	 
REQUEST		ComputersDatabasePage	1655578512466	1655578512962	OK	 
REQUEST		ComputersDatabasePage	1655578512466	1655578512970	OK	 
REQUEST		ComputersDatabasePage	1655578512466	1655578512981	OK	 
REQUEST		ComputersDatabasePage	1655578512466	1655578512990	OK	 
REQUEST		NewComputersPage	1655578516028	1655578516145	OK	 
REQUEST		NewComputersPage	1655578516028	1655578516145	OK	 
REQUEST		NewComputersPage	1655578516028	1655578516148	OK	 
REQUEST		NewComputersPage	1655578516028	1655578516150	OK	 
REQUEST		NewComputersPage	1655578516028	1655578516151	OK	 
REQUEST		NewComputersPage	1655578516028	1655578516151	OK	 
REQUEST		NewComputersPage	1655578516029	1655578516152	OK	 
REQUEST		NewComputersPage	1655578516028	1655578516153	OK	 
REQUEST		NewComputersPage	1655578516028	1655578516158	OK	 
REQUEST		NewComputersPage	1655578516028	1655578516158	OK	 
REQUEST		CreatingNewComputer	1655578519156	1655578519274	OK	 
REQUEST		CreatingNewComputer	1655578519156	1655578519276	OK	 
REQUEST		CreatingNewComputer	1655578519156	1655578519274	OK	 
REQUEST		CreatingNewComputer	1655578519167	1655578519289	OK	 
REQUEST		CreatingNewComputer	1655578519167	1655578519289	OK	 
REQUEST		CreatingNewComputer	1655578519167	1655578519290	OK	 
REQUEST		CreatingNewComputer	1655578519167	1655578519290	OK	 
REQUEST		CreatingNewComputer	1655578519167	1655578519291	OK	 
REQUEST		CreatingNewComputer	1655578519167	1655578519295	OK	 
REQUEST		CreatingNewComputer	1655578519167	1655578519298	OK	 
REQUEST		CreatingNewComputer Redirect 1	1655578519283	1655578519399	OK	 
REQUEST		CreatingNewComputer Redirect 1	1655578519283	1655578519399	OK	 
REQUEST		CreatingNewComputer Redirect 1	1655578519283	1655578519403	OK	 
REQUEST		CreatingNewComputer Redirect 1	1655578519289	1655578519410	KO	status.find.in(200,201,202,203,204,205,206,207,208,209,304), found 429
REQUEST		CreatingNewComputer Redirect 1	1655578519289	1655578519410	KO	status.find.in(200,201,202,203,204,205,206,207,208,209,304), found 429
REQUEST		CreatingNewComputer Redirect 1	1655578519290	1655578519410	KO	status.find.in(200,201,202,203,204,205,206,207,208,209,304), found 429
REQUEST		CreatingNewComputer Redirect 1	1655578519295	1655578519420	KO	status.find.in(200,201,202,203,204,205,206,207,208,209,304), found 429
REQUEST		CreatingNewComputer Redirect 1	1655578519291	1655578519412	KO	status.find.in(200,201,202,203,204,205,206,207,208,209,304), found 429
REQUEST		CreatingNewComputer Redirect 1	1655578519290	1655578519414	KO	status.find.in(200,201,202,203,204,205,206,207,208,209,304), found 429
REQUEST		CreatingNewComputer Redirect 1	1655578519298	1655578519428	OK	 
REQUEST		FilterComputerPage	1655578522412	1655578522527	OK	 
REQUEST		FilterComputerPage	1655578522412	1655578522528	OK	 
USER	ComputerDatabase	END	1655578522529
USER	ComputerDatabase	END	1655578522529
REQUEST		FilterComputerPage	1655578522412	1655578522531	OK	 
USER	ComputerDatabase	END	1655578522531
REQUEST		FilterComputerPage	1655578522427	1655578522548	OK	 
REQUEST		FilterComputerPage	1655578522427	1655578522548	OK	 
USER	ComputerDatabase	END	1655578522549
USER	ComputerDatabase	END	1655578522549
REQUEST		FilterComputerPage	1655578522427	1655578522549	OK	 
USER	ComputerDatabase	END	1655578522550
REQUEST		FilterComputerPage	1655578522427	1655578522552	OK	 
USER	ComputerDatabase	END	1655578522553
REQUEST		FilterComputerPage	1655578522427	1655578522553	OK	 
USER	ComputerDatabase	END	1655578522553
REQUEST		FilterComputerPage	1655578522428	1655578522555	OK	 
USER	ComputerDatabase	END	1655578522556
REQUEST		FilterComputerPage	1655578522442	1655578522572	OK	 
USER	ComputerDatabase	END	1655578522573
