RUN	com.gatling.tests.ComputerDatabase	computerdatabase	1655578759027	50 users	3.6.1
USER	ComputerDatabase	START	1655578759558
USER	ComputerDatabase	START	1655578759558
USER	ComputerDatabase	START	1655578759558
USER	ComputerDatabase	START	1655578759558
USER	ComputerDatabase	START	1655578759558
USER	ComputerDatabase	START	1655578759558
USER	ComputerDatabase	START	1655578759558
USER	ComputerDatabase	START	1655578759558
USER	ComputerDatabase	START	1655578759620
USER	ComputerDatabase	START	1655578759621
USER	ComputerDatabase	START	1655578759621
USER	ComputerDatabase	START	1655578759620
USER	ComputerDatabase	START	1655578759621
USER	ComputerDatabase	START	1655578759621
USER	ComputerDatabase	START	1655578759558
USER	ComputerDatabase	START	1655578759620
USER	ComputerDatabase	START	1655578759621
USER	ComputerDatabase	START	1655578759620
USER	ComputerDatabase	START	1655578759620
USER	ComputerDatabase	START	1655578759622
USER	ComputerDatabase	START	1655578759558
USER	ComputerDatabase	START	1655578759622
USER	ComputerDatabase	START	1655578759622
USER	ComputerDatabase	START	1655578759621
USER	ComputerDatabase	START	1655578759622
USER	ComputerDatabase	START	1655578759621
USER	ComputerDatabase	START	1655578759623
USER	ComputerDatabase	START	1655578759622
USER	ComputerDatabase	START	1655578759623
USER	ComputerDatabase	START	1655578759622
USER	ComputerDatabase	START	1655578759623
USER	ComputerDatabase	START	1655578759558
USER	ComputerDatabase	START	1655578759621
USER	ComputerDatabase	START	1655578759558
USER	ComputerDatabase	START	1655578759622
USER	ComputerDatabase	START	1655578759624
USER	ComputerDatabase	START	1655578759624
USER	ComputerDatabase	START	1655578759623
USER	ComputerDatabase	START	1655578759623
USER	ComputerDatabase	START	1655578759624
USER	ComputerDatabase	START	1655578759622
USER	ComputerDatabase	START	1655578759625
USER	ComputerDatabase	START	1655578759624
USER	ComputerDatabase	START	1655578759624
USER	ComputerDatabase	START	1655578759626
USER	ComputerDatabase	START	1655578759625
USER	ComputerDatabase	START	1655578759626
USER	ComputerDatabase	START	1655578759625
USER	ComputerDatabase	START	1655578759627
USER	ComputerDatabase	START	1655578759626
REQUEST		ComputersDatabasePage	1655578759624	1655578760088	OK	 
REQUEST		ComputersDatabasePage	1655578759612	1655578760088	OK	 
REQUEST		ComputersDatabasePage	1655578759622	1655578760088	OK	 
REQUEST		ComputersDatabasePage	1655578759624	1655578760088	OK	 
REQUEST		ComputersDatabasePage	1655578759621	1655578760104	OK	 
REQUEST		ComputersDatabasePage	1655578759612	1655578760104	OK	 
REQUEST		ComputersDatabasePage	1655578759621	1655578760108	OK	 
REQUEST		ComputersDatabasePage	1655578759621	1655578760118	KO	status.find.in(200,201,202,203,204,205,206,207,208,209,304), found 429
REQUEST		ComputersDatabasePage	1655578759612	1655578760117	KO	status.find.in(200,201,202,203,204,205,206,207,208,209,304), found 429
REQUEST		ComputersDatabasePage	1655578759612	1655578760117	KO	status.find.in(200,201,202,203,204,205,206,207,208,209,304), found 429
REQUEST		ComputersDatabasePage	1655578759622	1655578760118	KO	status.find.in(200,201,202,203,204,205,206,207,208,209,304), found 429
REQUEST		ComputersDatabasePage	1655578759612	1655578760117	KO	status.find.in(200,201,202,203,204,205,206,207,208,209,304), found 429
REQUEST		ComputersDatabasePage	1655578759626	1655578760140	KO	status.find.in(200,201,202,203,204,205,206,207,208,209,304), found 429
REQUEST		ComputersDatabasePage	1655578759621	1655578760140	KO	status.find.in(200,201,202,203,204,205,206,207,208,209,304), found 429
REQUEST		ComputersDatabasePage	1655578759621	1655578760141	KO	status.find.in(200,201,202,203,204,205,206,207,208,209,304), found 429
REQUEST		ComputersDatabasePage	1655578759622	1655578760141	KO	status.find.in(200,201,202,203,204,205,206,207,208,209,304), found 429
REQUEST		ComputersDatabasePage	1655578759612	1655578760141	KO	status.find.in(200,201,202,203,204,205,206,207,208,209,304), found 429
REQUEST		ComputersDatabasePage	1655578759627	1655578760141	KO	status.find.in(200,201,202,203,204,205,206,207,208,209,304), found 429
REQUEST		ComputersDatabasePage	1655578759625	1655578760141	KO	status.find.in(200,201,202,203,204,205,206,207,208,209,304), found 429
REQUEST		ComputersDatabasePage	1655578759622	1655578760142	KO	status.find.in(200,201,202,203,204,205,206,207,208,209,304), found 429
REQUEST		ComputersDatabasePage	1655578759622	1655578760142	KO	status.find.in(200,201,202,203,204,205,206,207,208,209,304), found 429
REQUEST		ComputersDatabasePage	1655578759624	1655578760142	KO	status.find.in(200,201,202,203,204,205,206,207,208,209,304), found 429
REQUEST		ComputersDatabasePage	1655578759625	1655578760142	KO	status.find.in(200,201,202,203,204,205,206,207,208,209,304), found 429
REQUEST		ComputersDatabasePage	1655578759612	1655578760142	KO	status.find.in(200,201,202,203,204,205,206,207,208,209,304), found 429
REQUEST		ComputersDatabasePage	1655578759623	1655578760143	KO	status.find.in(200,201,202,203,204,205,206,207,208,209,304), found 429
REQUEST		ComputersDatabasePage	1655578759626	1655578760144	KO	status.find.in(200,201,202,203,204,205,206,207,208,209,304), found 429
REQUEST		ComputersDatabasePage	1655578759625	1655578760144	KO	status.find.in(200,201,202,203,204,205,206,207,208,209,304), found 429
REQUEST		ComputersDatabasePage	1655578759626	1655578760145	KO	status.find.in(200,201,202,203,204,205,206,207,208,209,304), found 429
REQUEST		ComputersDatabasePage	1655578759624	1655578760161	KO	status.find.in(200,201,202,203,204,205,206,207,208,209,304), found 429
REQUEST		ComputersDatabasePage	1655578759625	1655578760196	OK	 
REQUEST		ComputersDatabasePage	1655578759621	1655578760196	KO	status.find.in(200,201,202,203,204,205,206,207,208,209,304), found 429
REQUEST		ComputersDatabasePage	1655578759621	1655578760196	KO	status.find.in(200,201,202,203,204,205,206,207,208,209,304), found 429
REQUEST		ComputersDatabasePage	1655578759612	1655578760197	KO	status.find.in(200,201,202,203,204,205,206,207,208,209,304), found 429
REQUEST		ComputersDatabasePage	1655578759612	1655578760197	KO	status.find.in(200,201,202,203,204,205,206,207,208,209,304), found 429
REQUEST		ComputersDatabasePage	1655578759623	1655578760198	OK	 
REQUEST		ComputersDatabasePage	1655578759623	1655578760198	KO	status.find.in(200,201,202,203,204,205,206,207,208,209,304), found 429
REQUEST		ComputersDatabasePage	1655578759612	1655578760198	KO	status.find.in(200,201,202,203,204,205,206,207,208,209,304), found 429
REQUEST		ComputersDatabasePage	1655578759622	1655578760199	OK	 
REQUEST		ComputersDatabasePage	1655578759622	1655578760198	KO	status.find.in(200,201,202,203,204,205,206,207,208,209,304), found 429
REQUEST		ComputersDatabasePage	1655578759623	1655578760198	KO	status.find.in(200,201,202,203,204,205,206,207,208,209,304), found 429
REQUEST		ComputersDatabasePage	1655578759622	1655578760199	KO	status.find.in(200,201,202,203,204,205,206,207,208,209,304), found 429
REQUEST		ComputersDatabasePage	1655578759625	1655578760200	KO	status.find.in(200,201,202,203,204,205,206,207,208,209,304), found 429
REQUEST		ComputersDatabasePage	1655578759624	1655578760200	OK	 
REQUEST		ComputersDatabasePage	1655578759628	1655578760200	KO	status.find.in(200,201,202,203,204,205,206,207,208,209,304), found 429
REQUEST		ComputersDatabasePage	1655578759612	1655578760201	KO	status.find.in(200,201,202,203,204,205,206,207,208,209,304), found 429
REQUEST		ComputersDatabasePage	1655578759621	1655578760201	KO	status.find.in(200,201,202,203,204,205,206,207,208,209,304), found 429
REQUEST		ComputersDatabasePage	1655578759621	1655578760202	OK	 
REQUEST		ComputersDatabasePage	1655578759623	1655578760199	KO	status.find.in(200,201,202,203,204,205,206,207,208,209,304), found 429
REQUEST		ComputersDatabasePage	1655578759624	1655578760204	KO	status.find.in(200,201,202,203,204,205,206,207,208,209,304), found 429
REQUEST		ComputersDatabasePage	1655578759612	1655578760205	KO	status.find.in(200,201,202,203,204,205,206,207,208,209,304), found 429
REQUEST		NewComputersPage	1655578763154	1655578763275	OK	 
REQUEST		NewComputersPage	1655578763154	1655578763276	OK	 
REQUEST		NewComputersPage	1655578763154	1655578763277	OK	 
REQUEST		NewComputersPage	1655578763154	1655578763277	KO	status.find.in(200,201,202,203,204,205,206,207,208,209,304), found 429
REQUEST		NewComputersPage	1655578763154	1655578763278	OK	 
REQUEST		NewComputersPage	1655578763154	1655578763278	KO	status.find.in(200,201,202,203,204,205,206,207,208,209,304), found 429
REQUEST		NewComputersPage	1655578763154	1655578763278	OK	 
REQUEST		NewComputersPage	1655578763156	1655578763279	KO	status.find.in(200,201,202,203,204,205,206,207,208,209,304), found 429
REQUEST		NewComputersPage	1655578763155	1655578763279	KO	status.find.in(200,201,202,203,204,205,206,207,208,209,304), found 429
REQUEST		NewComputersPage	1655578763154	1655578763279	OK	 
REQUEST		NewComputersPage	1655578763155	1655578763280	KO	status.find.in(200,201,202,203,204,205,206,207,208,209,304), found 429
REQUEST		NewComputersPage	1655578763154	1655578763281	OK	 
REQUEST		NewComputersPage	1655578763155	1655578763281	KO	status.find.in(200,201,202,203,204,205,206,207,208,209,304), found 429
REQUEST		NewComputersPage	1655578763154	1655578763281	OK	 
REQUEST		NewComputersPage	1655578763156	1655578763284	KO	status.find.in(200,201,202,203,204,205,206,207,208,209,304), found 429
REQUEST		NewComputersPage	1655578763155	1655578763285	OK	 
REQUEST		NewComputersPage	1655578763155	1655578763285	KO	status.find.in(200,201,202,203,204,205,206,207,208,209,304), found 429
REQUEST		NewComputersPage	1655578763156	1655578763286	OK	 
REQUEST		NewComputersPage	1655578763156	1655578763285	KO	status.find.in(200,201,202,203,204,205,206,207,208,209,304), found 429
REQUEST		NewComputersPage	1655578763155	1655578763286	OK	 
REQUEST		NewComputersPage	1655578763155	1655578763287	KO	status.find.in(200,201,202,203,204,205,206,207,208,209,304), found 429
REQUEST		NewComputersPage	1655578763169	1655578763304	KO	status.find.in(200,201,202,203,204,205,206,207,208,209,304), found 429
REQUEST		NewComputersPage	1655578763200	1655578763315	KO	status.find.in(200,201,202,203,204,205,206,207,208,209,304), found 429
REQUEST		NewComputersPage	1655578763200	1655578763316	KO	status.find.in(200,201,202,203,204,205,206,207,208,209,304), found 429
REQUEST		NewComputersPage	1655578763200	1655578763321	KO	status.find.in(200,201,202,203,204,205,206,207,208,209,304), found 429
REQUEST		NewComputersPage	1655578763200	1655578763321	KO	status.find.in(200,201,202,203,204,205,206,207,208,209,304), found 429
REQUEST		NewComputersPage	1655578763200	1655578763321	KO	status.find.in(200,201,202,203,204,205,206,207,208,209,304), found 429
REQUEST		NewComputersPage	1655578763200	1655578763322	KO	status.find.in(200,201,202,203,204,205,206,207,208,209,304), found 429
REQUEST		NewComputersPage	1655578763200	1655578763323	KO	status.find.in(200,201,202,203,204,205,206,207,208,209,304), found 429
REQUEST		NewComputersPage	1655578763200	1655578763325	KO	status.find.in(200,201,202,203,204,205,206,207,208,209,304), found 429
REQUEST		NewComputersPage	1655578763200	1655578763326	KO	status.find.in(200,201,202,203,204,205,206,207,208,209,304), found 429
REQUEST		NewComputersPage	1655578763200	1655578763327	KO	status.find.in(200,201,202,203,204,205,206,207,208,209,304), found 429
REQUEST		NewComputersPage	1655578763200	1655578763327	KO	status.find.in(200,201,202,203,204,205,206,207,208,209,304), found 429
REQUEST		NewComputersPage	1655578763200	1655578763329	KO	status.find.in(200,201,202,203,204,205,206,207,208,209,304), found 429
REQUEST		NewComputersPage	1655578763201	1655578763331	OK	 
REQUEST		NewComputersPage	1655578763215	1655578763331	KO	status.find.in(200,201,202,203,204,205,206,207,208,209,304), found 429
REQUEST		NewComputersPage	1655578763215	1655578763331	KO	status.find.in(200,201,202,203,204,205,206,207,208,209,304), found 429
REQUEST		NewComputersPage	1655578763200	1655578763331	KO	status.find.in(200,201,202,203,204,205,206,207,208,209,304), found 429
REQUEST		NewComputersPage	1655578763201	1655578763331	KO	status.find.in(200,201,202,203,204,205,206,207,208,209,304), found 429
REQUEST		NewComputersPage	1655578763201	1655578763331	KO	status.find.in(200,201,202,203,204,205,206,207,208,209,304), found 429
REQUEST		NewComputersPage	1655578763216	1655578763332	KO	status.find.in(200,201,202,203,204,205,206,207,208,209,304), found 429
REQUEST		NewComputersPage	1655578763215	1655578763333	KO	status.find.in(200,201,202,203,204,205,206,207,208,209,304), found 429
REQUEST		NewComputersPage	1655578763216	1655578763335	KO	status.find.in(200,201,202,203,204,205,206,207,208,209,304), found 429
REQUEST		NewComputersPage	1655578763216	1655578763336	KO	status.find.in(200,201,202,203,204,205,206,207,208,209,304), found 429
REQUEST		NewComputersPage	1655578763216	1655578763337	KO	status.find.in(200,201,202,203,204,205,206,207,208,209,304), found 429
REQUEST		NewComputersPage	1655578763216	1655578763339	KO	status.find.in(200,201,202,203,204,205,206,207,208,209,304), found 429
REQUEST		NewComputersPage	1655578763215	1655578763341	KO	status.find.in(200,201,202,203,204,205,206,207,208,209,304), found 429
REQUEST		NewComputersPage	1655578763216	1655578763341	KO	status.find.in(200,201,202,203,204,205,206,207,208,209,304), found 429
REQUEST		NewComputersPage	1655578763216	1655578763343	KO	status.find.in(200,201,202,203,204,205,206,207,208,209,304), found 429
REQUEST		NewComputersPage	1655578763215	1655578763344	KO	status.find.in(200,201,202,203,204,205,206,207,208,209,304), found 429
REQUEST		CreatingNewComputer	1655578766292	1655578766416	KO	status.find.in(200,201,202,203,204,205,206,207,208,209,304), found 429
REQUEST		CreatingNewComputer	1655578766292	1655578766413	OK	 
REQUEST		CreatingNewComputer	1655578766292	1655578766416	OK	 
REQUEST		CreatingNewComputer	1655578766292	1655578766413	OK	 
REQUEST		CreatingNewComputer	1655578766293	1655578766418	OK	 
REQUEST		CreatingNewComputer	1655578766294	1655578766417	OK	 
REQUEST		CreatingNewComputer	1655578766293	1655578766425	KO	status.find.in(200,201,202,203,204,205,206,207,208,209,304), found 429
REQUEST		CreatingNewComputer	1655578766293	1655578766425	KO	status.find.in(200,201,202,203,204,205,206,207,208,209,304), found 429
REQUEST		CreatingNewComputer	1655578766295	1655578766425	OK	 
REQUEST		CreatingNewComputer	1655578766294	1655578766425	OK	 
REQUEST		CreatingNewComputer	1655578766292	1655578766425	OK	 
REQUEST		CreatingNewComputer	1655578766294	1655578766424	KO	status.find.in(200,201,202,203,204,205,206,207,208,209,304), found 429
REQUEST		CreatingNewComputer	1655578766294	1655578766426	OK	 
REQUEST		CreatingNewComputer	1655578766294	1655578766426	OK	 
REQUEST		CreatingNewComputer	1655578766294	1655578766426	KO	status.find.in(200,201,202,203,204,205,206,207,208,209,304), found 429
REQUEST		CreatingNewComputer	1655578766295	1655578766427	KO	status.find.in(200,201,202,203,204,205,206,207,208,209,304), found 429
REQUEST		CreatingNewComputer	1655578766295	1655578766427	KO	status.find.in(200,201,202,203,204,205,206,207,208,209,304), found 429
REQUEST		CreatingNewComputer	1655578766293	1655578766427	OK	 
REQUEST		CreatingNewComputer	1655578766295	1655578766427	KO	status.find.in(200,201,202,203,204,205,206,207,208,209,304), found 429
REQUEST		CreatingNewComputer	1655578766294	1655578766428	KO	status.find.in(200,201,202,203,204,205,206,207,208,209,304), found 429
REQUEST		CreatingNewComputer	1655578766294	1655578766428	KO	status.find.in(200,201,202,203,204,205,206,207,208,209,304), found 429
REQUEST		CreatingNewComputer	1655578766318	1655578766434	KO	status.find.in(200,201,202,203,204,205,206,207,208,209,304), found 429
REQUEST		CreatingNewComputer	1655578766318	1655578766434	KO	status.find.in(200,201,202,203,204,205,206,207,208,209,304), found 429
REQUEST		CreatingNewComputer	1655578766334	1655578766450	KO	status.find.in(200,201,202,203,204,205,206,207,208,209,304), found 429
REQUEST		CreatingNewComputer	1655578766334	1655578766450	KO	status.find.in(200,201,202,203,204,205,206,207,208,209,304), found 429
REQUEST		CreatingNewComputer	1655578766335	1655578766451	KO	status.find.in(200,201,202,203,204,205,206,207,208,209,304), found 429
REQUEST		CreatingNewComputer	1655578766334	1655578766452	KO	status.find.in(200,201,202,203,204,205,206,207,208,209,304), found 429
REQUEST		CreatingNewComputer	1655578766318	1655578766452	KO	status.find.in(200,201,202,203,204,205,206,207,208,209,304), found 429
REQUEST		CreatingNewComputer	1655578766334	1655578766454	KO	status.find.in(200,201,202,203,204,205,206,207,208,209,304), found 429
REQUEST		CreatingNewComputer	1655578766334	1655578766455	KO	status.find.in(200,201,202,203,204,205,206,207,208,209,304), found 429
REQUEST		CreatingNewComputer	1655578766334	1655578766455	KO	status.find.in(200,201,202,203,204,205,206,207,208,209,304), found 429
REQUEST		CreatingNewComputer	1655578766334	1655578766456	KO	status.find.in(200,201,202,203,204,205,206,207,208,209,304), found 429
REQUEST		CreatingNewComputer	1655578766335	1655578766457	KO	status.find.in(200,201,202,203,204,205,206,207,208,209,304), found 429
REQUEST		CreatingNewComputer	1655578766335	1655578766458	KO	status.find.in(200,201,202,203,204,205,206,207,208,209,304), found 429
REQUEST		CreatingNewComputer	1655578766335	1655578766459	KO	status.find.in(200,201,202,203,204,205,206,207,208,209,304), found 429
REQUEST		CreatingNewComputer	1655578766335	1655578766460	KO	status.find.in(200,201,202,203,204,205,206,207,208,209,304), found 429
REQUEST		CreatingNewComputer	1655578766335	1655578766461	KO	status.find.in(200,201,202,203,204,205,206,207,208,209,304), found 429
REQUEST		CreatingNewComputer	1655578766336	1655578766462	KO	status.find.in(200,201,202,203,204,205,206,207,208,209,304), found 429
REQUEST		CreatingNewComputer	1655578766336	1655578766463	KO	status.find.in(200,201,202,203,204,205,206,207,208,209,304), found 429
REQUEST		CreatingNewComputer	1655578766336	1655578766466	OK	 
REQUEST		CreatingNewComputer	1655578766335	1655578766466	KO	status.find.in(200,201,202,203,204,205,206,207,208,209,304), found 429
REQUEST		CreatingNewComputer	1655578766336	1655578766466	KO	status.find.in(200,201,202,203,204,205,206,207,208,209,304), found 429
REQUEST		CreatingNewComputer	1655578766349	1655578766468	KO	status.find.in(200,201,202,203,204,205,206,207,208,209,304), found 429
REQUEST		CreatingNewComputer	1655578766349	1655578766470	KO	status.find.in(200,201,202,203,204,205,206,207,208,209,304), found 429
REQUEST		CreatingNewComputer	1655578766350	1655578766471	KO	status.find.in(200,201,202,203,204,205,206,207,208,209,304), found 429
REQUEST		CreatingNewComputer	1655578766350	1655578766473	KO	status.find.in(200,201,202,203,204,205,206,207,208,209,304), found 429
REQUEST		CreatingNewComputer	1655578766349	1655578766475	KO	status.find.in(200,201,202,203,204,205,206,207,208,209,304), found 429
REQUEST		CreatingNewComputer	1655578766350	1655578766475	KO	status.find.in(200,201,202,203,204,205,206,207,208,209,304), found 429
REQUEST		CreatingNewComputer	1655578766349	1655578766475	KO	status.find.in(200,201,202,203,204,205,206,207,208,209,304), found 429
REQUEST		CreatingNewComputer	1655578766350	1655578766480	KO	status.find.in(200,201,202,203,204,205,206,207,208,209,304), found 429
REQUEST		CreatingNewComputer Redirect 1	1655578766424	1655578766544	KO	status.find.in(200,201,202,203,204,205,206,207,208,209,304), found 429
REQUEST		CreatingNewComputer Redirect 1	1655578766424	1655578766545	OK	 
REQUEST		CreatingNewComputer Redirect 1	1655578766424	1655578766546	KO	status.find.in(200,201,202,203,204,205,206,207,208,209,304), found 429
REQUEST		CreatingNewComputer Redirect 1	1655578766424	1655578766546	KO	status.find.in(200,201,202,203,204,205,206,207,208,209,304), found 429
REQUEST		CreatingNewComputer Redirect 1	1655578766426	1655578766548	KO	status.find.in(200,201,202,203,204,205,206,207,208,209,304), found 429
REQUEST		CreatingNewComputer Redirect 1	1655578766425	1655578766548	KO	status.find.in(200,201,202,203,204,205,206,207,208,209,304), found 429
REQUEST		CreatingNewComputer Redirect 1	1655578766424	1655578766549	KO	status.find.in(200,201,202,203,204,205,206,207,208,209,304), found 429
REQUEST		CreatingNewComputer Redirect 1	1655578766427	1655578766550	KO	status.find.in(200,201,202,203,204,205,206,207,208,209,304), found 429
REQUEST		CreatingNewComputer Redirect 1	1655578766426	1655578766552	KO	status.find.in(200,201,202,203,204,205,206,207,208,209,304), found 429
REQUEST		CreatingNewComputer Redirect 1	1655578766426	1655578766553	KO	status.find.in(200,201,202,203,204,205,206,207,208,209,304), found 429
REQUEST		CreatingNewComputer Redirect 1	1655578766426	1655578766552	KO	status.find.in(200,201,202,203,204,205,206,207,208,209,304), found 429
REQUEST		CreatingNewComputer Redirect 1	1655578766466	1655578766594	OK	 
REQUEST		FilterComputerPage	1655578769420	1655578769542	OK	 
USER	ComputerDatabase	END	1655578769544
REQUEST		FilterComputerPage	1655578769436	1655578769559	OK	 
USER	ComputerDatabase	END	1655578769560
REQUEST		FilterComputerPage	1655578769436	1655578769561	OK	 
USER	ComputerDatabase	END	1655578769562
REQUEST		FilterComputerPage	1655578769436	1655578769563	OK	 
USER	ComputerDatabase	END	1655578769564
REQUEST		FilterComputerPage	1655578769436	1655578769565	OK	 
REQUEST		FilterComputerPage	1655578769436	1655578769565	OK	 
REQUEST		FilterComputerPage	1655578769436	1655578769566	OK	 
REQUEST		FilterComputerPage	1655578769436	1655578769566	OK	 
REQUEST		FilterComputerPage	1655578769451	1655578769566	OK	 
USER	ComputerDatabase	END	1655578769566
REQUEST		FilterComputerPage	1655578769451	1655578769566	KO	status.find.in(200,201,202,203,204,205,206,207,208,209,304), found 429
USER	ComputerDatabase	END	1655578769566
USER	ComputerDatabase	END	1655578769566
USER	ComputerDatabase	END	1655578769567
USER	ComputerDatabase	END	1655578769567
USER	ComputerDatabase	END	1655578769567
REQUEST		FilterComputerPage	1655578769436	1655578769570	OK	 
REQUEST		FilterComputerPage	1655578769436	1655578769571	OK	 
USER	ComputerDatabase	END	1655578769571
USER	ComputerDatabase	END	1655578769572
REQUEST		FilterComputerPage	1655578769467	1655578769581	KO	status.find.in(200,201,202,203,204,205,206,207,208,209,304), found 429
REQUEST		FilterComputerPage	1655578769467	1655578769581	KO	status.find.in(200,201,202,203,204,205,206,207,208,209,304), found 429
USER	ComputerDatabase	END	1655578769582
USER	ComputerDatabase	END	1655578769582
REQUEST		FilterComputerPage	1655578769466	1655578769582	KO	status.find.in(200,201,202,203,204,205,206,207,208,209,304), found 429
USER	ComputerDatabase	END	1655578769583
REQUEST		FilterComputerPage	1655578769468	1655578769583	KO	status.find.in(200,201,202,203,204,205,206,207,208,209,304), found 429
USER	ComputerDatabase	END	1655578769584
REQUEST		FilterComputerPage	1655578769466	1655578769586	KO	status.find.in(200,201,202,203,204,205,206,207,208,209,304), found 429
REQUEST		FilterComputerPage	1655578769467	1655578769586	KO	status.find.in(200,201,202,203,204,205,206,207,208,209,304), found 429
REQUEST		FilterComputerPage	1655578769467	1655578769586	KO	status.find.in(200,201,202,203,204,205,206,207,208,209,304), found 429
REQUEST		FilterComputerPage	1655578769467	1655578769587	KO	status.find.in(200,201,202,203,204,205,206,207,208,209,304), found 429
USER	ComputerDatabase	END	1655578769587
USER	ComputerDatabase	END	1655578769587
USER	ComputerDatabase	END	1655578769587
USER	ComputerDatabase	END	1655578769587
REQUEST		FilterComputerPage	1655578769467	1655578769588	KO	status.find.in(200,201,202,203,204,205,206,207,208,209,304), found 429
REQUEST		FilterComputerPage	1655578769467	1655578769588	KO	status.find.in(200,201,202,203,204,205,206,207,208,209,304), found 429
USER	ComputerDatabase	END	1655578769588
USER	ComputerDatabase	END	1655578769588
REQUEST		FilterComputerPage	1655578769467	1655578769590	KO	status.find.in(200,201,202,203,204,205,206,207,208,209,304), found 429
USER	ComputerDatabase	END	1655578769591
REQUEST		FilterComputerPage	1655578769467	1655578769592	KO	status.find.in(200,201,202,203,204,205,206,207,208,209,304), found 429
USER	ComputerDatabase	END	1655578769592
REQUEST		FilterComputerPage	1655578769468	1655578769593	KO	status.find.in(200,201,202,203,204,205,206,207,208,209,304), found 429
USER	ComputerDatabase	END	1655578769593
REQUEST		FilterComputerPage	1655578769467	1655578769594	OK	 
REQUEST		FilterComputerPage	1655578769468	1655578769594	KO	status.find.in(200,201,202,203,204,205,206,207,208,209,304), found 429
USER	ComputerDatabase	END	1655578769595
USER	ComputerDatabase	END	1655578769595
REQUEST		FilterComputerPage	1655578769467	1655578769596	KO	status.find.in(200,201,202,203,204,205,206,207,208,209,304), found 429
USER	ComputerDatabase	END	1655578769597
REQUEST		FilterComputerPage	1655578769468	1655578769597	KO	status.find.in(200,201,202,203,204,205,206,207,208,209,304), found 429
USER	ComputerDatabase	END	1655578769598
REQUEST		FilterComputerPage	1655578769482	1655578769600	KO	status.find.in(200,201,202,203,204,205,206,207,208,209,304), found 429
USER	ComputerDatabase	END	1655578769601
REQUEST		FilterComputerPage	1655578769467	1655578769601	KO	status.find.in(200,201,202,203,204,205,206,207,208,209,304), found 429
REQUEST		FilterComputerPage	1655578769482	1655578769602	KO	status.find.in(200,201,202,203,204,205,206,207,208,209,304), found 429
USER	ComputerDatabase	END	1655578769602
USER	ComputerDatabase	END	1655578769602
REQUEST		FilterComputerPage	1655578769482	1655578769603	KO	status.find.in(200,201,202,203,204,205,206,207,208,209,304), found 429
USER	ComputerDatabase	END	1655578769604
REQUEST		FilterComputerPage	1655578769482	1655578769605	KO	status.find.in(200,201,202,203,204,205,206,207,208,209,304), found 429
USER	ComputerDatabase	END	1655578769605
REQUEST		FilterComputerPage	1655578769483	1655578769607	KO	status.find.in(200,201,202,203,204,205,206,207,208,209,304), found 429
USER	ComputerDatabase	END	1655578769607
REQUEST		FilterComputerPage	1655578769482	1655578769608	KO	status.find.in(200,201,202,203,204,205,206,207,208,209,304), found 429
USER	ComputerDatabase	END	1655578769608
REQUEST		FilterComputerPage	1655578769482	1655578769609	KO	status.find.in(200,201,202,203,204,205,206,207,208,209,304), found 429
USER	ComputerDatabase	END	1655578769609
REQUEST		FilterComputerPage	1655578769482	1655578769612	KO	status.find.in(200,201,202,203,204,205,206,207,208,209,304), found 429
USER	ComputerDatabase	END	1655578769612
REQUEST		FilterComputerPage	1655578769560	1655578769680	KO	status.find.in(200,201,202,203,204,205,206,207,208,209,304), found 429
REQUEST		FilterComputerPage	1655578769559	1655578769680	KO	status.find.in(200,201,202,203,204,205,206,207,208,209,304), found 429
REQUEST		FilterComputerPage	1655578769559	1655578769680	KO	status.find.in(200,201,202,203,204,205,206,207,208,209,304), found 429
USER	ComputerDatabase	END	1655578769681
USER	ComputerDatabase	END	1655578769681
USER	ComputerDatabase	END	1655578769681
REQUEST		FilterComputerPage	1655578769560	1655578769681	KO	status.find.in(200,201,202,203,204,205,206,207,208,209,304), found 429
USER	ComputerDatabase	END	1655578769682
REQUEST		FilterComputerPage	1655578769560	1655578769682	KO	status.find.in(200,201,202,203,204,205,206,207,208,209,304), found 429
REQUEST		FilterComputerPage	1655578769560	1655578769682	KO	status.find.in(200,201,202,203,204,205,206,207,208,209,304), found 429
USER	ComputerDatabase	END	1655578769683
USER	ComputerDatabase	END	1655578769683
REQUEST		FilterComputerPage	1655578769560	1655578769683	KO	status.find.in(200,201,202,203,204,205,206,207,208,209,304), found 429
USER	ComputerDatabase	END	1655578769684
REQUEST		FilterComputerPage	1655578769561	1655578769686	OK	 
REQUEST		FilterComputerPage	1655578769560	1655578769687	KO	status.find.in(200,201,202,203,204,205,206,207,208,209,304), found 429
REQUEST		FilterComputerPage	1655578769560	1655578769687	KO	status.find.in(200,201,202,203,204,205,206,207,208,209,304), found 429
REQUEST		FilterComputerPage	1655578769561	1655578769688	KO	status.find.in(200,201,202,203,204,205,206,207,208,209,304), found 429
USER	ComputerDatabase	END	1655578769687
USER	ComputerDatabase	END	1655578769688
USER	ComputerDatabase	END	1655578769688
USER	ComputerDatabase	END	1655578769689
REQUEST		FilterComputerPage	1655578769607	1655578769734	OK	 
USER	ComputerDatabase	END	1655578769735
